[debug] [2021-11-24T04:46:55.238Z] ----------------------------------------------------------------------
[debug] [2021-11-24T04:46:55.240Z] Command:       C:\Program Files\nodejs\node.exe C:\Users\User\AppData\Roaming\npm\node_modules\firebase-tools\lib\bin\firebase.js init
[debug] [2021-11-24T04:46:55.241Z] CLI Version:   9.18.0
[debug] [2021-11-24T04:46:55.241Z] Platform:      win32
[debug] [2021-11-24T04:46:55.241Z] Node Version:  v14.17.4
[debug] [2021-11-24T04:46:55.242Z] Time:          Tue Nov 23 2021 20:46:55 GMT-0800 (Pacific Standard Time)
[debug] [2021-11-24T04:46:55.243Z] ----------------------------------------------------------------------
[debug] 
[debug] [2021-11-24T04:46:55.247Z] >>> [apiv2][query] GET https://firebase-public.firebaseio.com/cli.json [none]
[debug] [2021-11-24T04:46:55.277Z] > command requires scopes: ["email","openid","https://www.googleapis.com/auth/cloudplatformprojects.readonly","https://www.googleapis.com/auth/firebase","https://www.googleapis.com/auth/cloud-platform"]
[debug] [2021-11-24T04:46:55.278Z] > authorizing via signed-in user (andrewcbuensalida@gmail.com)
[info] 
     ######## #### ########  ######## ########     ###     ######  ########
     ##        ##  ##     ## ##       ##     ##  ##   ##  ##       ##
     ######    ##  ########  ######   ########  #########  ######  ######
     ##        ##  ##    ##  ##       ##     ## ##     ##       ## ##
     ##       #### ##     ## ######## ########  ##     ##  ######  ########

You're about to initialize a Firebase project in this directory:

  C:\swe\react-redux-firebase-materialui-LinkedIn-sonny-sangha

Before we get started, keep in mind:

  * You are currently outside your home directory

[debug] [2021-11-24T04:46:55.514Z] <<< [apiv2][status] GET https://firebase-public.firebaseio.com/cli.json 200
[debug] [2021-11-24T04:46:55.514Z] <<< [apiv2][body] GET https://firebase-public.firebaseio.com/cli.json {"cloudBuildErrorAfter":1594252800000,"cloudBuildWarnAfter":1590019200000,"defaultNode10After":1594252800000,"minVersion":"3.0.5","node8DeploysDisabledAfter":1613390400000,"node8RuntimeDisabledAfter":1615809600000,"node8WarnAfter":1600128000000}
